2017-10-04 11:15:12 Error: [PDOException] SQLSTATE[42S01]: Base table or view already exists: 1050 Table 'articles' already exists
Stack Trace:
#0 /home/ubuntu/workspace/blog/vendor/robmorgan/phinx/src/Phinx/Db/Adapter/PdoAdapter.php(338): PDO->exec('CREATE TABLE `a...')
#1 /home/ubuntu/workspace/blog/vendor/robmorgan/phinx/src/Phinx/Db/Adapter/MysqlAdapter.php(306): Phinx\Db\Adapter\PdoAdapter->execute('CREATE TABLE `a...')
#2 /home/ubuntu/workspace/blog/vendor/cakephp/migrations/src/CakeAdapter.php(444): Phinx\Db\Adapter\MysqlAdapter->createTable(Object(Migrations\Table))
#3 /home/ubuntu/workspace/blog/vendor/robmorgan/phinx/src/Phinx/Db/Table.php(609): Migrations\CakeAdapter->createTable(Object(Migrations\Table))
#4 /home/ubuntu/workspace/blog/vendor/cakephp/migrations/src/Table.php(89): Phinx\Db\Table->create()
#5 /home/ubuntu/workspace/blog/config/Migrations/20171004111248_CreateArticles.php(38): Migrations\Table->create()
#6 /home/ubuntu/workspace/blog/vendor/robmorgan/phinx/src/Phinx/Migration/Manager/Environment.php(122): CreateArticles->change()
#7 /home/ubuntu/workspace/blog/vendor/robmorgan/phinx/src/Phinx/Migration/Manager.php(366): Phinx\Migration\Manager\Environment->executeMigration(Object(CreateArticles), 'up')
#8 /home/ubuntu/workspace/blog/vendor/robmorgan/phinx/src/Phinx/Migration/Manager.php(342): Phinx\Migration\Manager->executeMigration('default', Object(CreateArticles), 'up')
#9 /home/ubuntu/workspace/blog/vendor/robmorgan/phinx/src/Phinx/Console/Command/Migrate.php(113): Phinx\Migration\Manager->migrate('default', NULL)
#10 /home/ubuntu/workspace/blog/vendor/cakephp/migrations/src/Command/CommandTrait.php(35): Phinx\Console\Command\Migrate->execute(Object(Symfony\Component\Console\Input\ArgvInput), Object(Symfony\Component\Console\Output\ConsoleOutput))
#11 /home/ubuntu/workspace/blog/vendor/cakephp/migrations/src/Command/Migrate.php(65): Migrations\Command\Migrate->parentExecute(Object(Symfony\Component\Console\Input\ArgvInput), Object(Symfony\Component\Console\Output\ConsoleOutput))
#12 /home/ubuntu/workspace/blog/vendor/symfony/console/Command/Command.php(264): Migrations\Command\Migrate->execute(Object(Symfony\Component\Console\Input\ArgvInput), Object(Symfony\Component\Console\Output\ConsoleOutput))
#13 /home/ubuntu/workspace/blog/vendor/symfony/console/Application.php(888): Symfony\Component\Console\Command\Command->run(Object(Symfony\Component\Console\Input\ArgvInput), Object(Symfony\Component\Console\Output\ConsoleOutput))
#14 /home/ubuntu/workspace/blog/vendor/symfony/console/Application.php(224): Symfony\Component\Console\Application->doRunCommand(Object(Migrations\Command\Migrate), Object(Symfony\Component\Console\Input\ArgvInput), Object(Symfony\Component\Console\Output\ConsoleOutput))
#15 /home/ubuntu/workspace/blog/vendor/symfony/console/Application.php(125): Symfony\Component\Console\Application->doRun(Object(Symfony\Component\Console\Input\ArgvInput), Object(Symfony\Component\Console\Output\ConsoleOutput))
#16 /home/ubuntu/workspace/blog/vendor/cakephp/migrations/src/Shell/MigrationsShell.php(101): Symfony\Component\Console\Application->run(Object(Symfony\Component\Console\Input\ArgvInput), Object(Symfony\Component\Console\Output\ConsoleOutput))
#17 [internal function]: Migrations\Shell\MigrationsShell->main('migrations', 'migrate')
#18 /home/ubuntu/workspace/blog/vendor/cakephp/cakephp/src/Console/Shell.php(472): call_user_func_array(Array, Array)
#19 /home/ubuntu/workspace/blog/vendor/cakephp/migrations/src/Shell/MigrationsShell.php(156): Cake\Console\Shell->runCommand(Array, true, Array)
#20 /home/ubuntu/workspace/blog/vendor/cakephp/cakephp/src/Console/ShellDispatcher.php(227): Migrations\Shell\MigrationsShell->runCommand(Array, true, Array)
#21 /home/ubuntu/workspace/blog/vendor/cakephp/cakephp/src/Console/ShellDispatcher.php(182): Cake\Console\ShellDispatcher->_dispatch(Array)
#22 /home/ubuntu/workspace/blog/vendor/cakephp/cakephp/src/Console/ShellDispatcher.php(128): Cake\Console\ShellDispatcher->dispatch(Array)
#23 /home/ubuntu/workspace/blog/bin/cake.php(34): Cake\Console\ShellDispatcher::run(Array)
#24 {main}


2017-10-04 11:16:09 Error: [PDOException] SQLSTATE[42S01]: Base table or view already exists: 1050 Table 'articles' already exists
Stack Trace:
#0 /home/ubuntu/workspace/blog/vendor/robmorgan/phinx/src/Phinx/Db/Adapter/PdoAdapter.php(338): PDO->exec('CREATE TABLE `a...')
#1 /home/ubuntu/workspace/blog/vendor/robmorgan/phinx/src/Phinx/Db/Adapter/MysqlAdapter.php(306): Phinx\Db\Adapter\PdoAdapter->execute('CREATE TABLE `a...')
#2 /home/ubuntu/workspace/blog/vendor/cakephp/migrations/src/CakeAdapter.php(444): Phinx\Db\Adapter\MysqlAdapter->createTable(Object(Migrations\Table))
#3 /home/ubuntu/workspace/blog/vendor/robmorgan/phinx/src/Phinx/Db/Table.php(609): Migrations\CakeAdapter->createTable(Object(Migrations\Table))
#4 /home/ubuntu/workspace/blog/vendor/cakephp/migrations/src/Table.php(89): Phinx\Db\Table->create()
#5 /home/ubuntu/workspace/blog/config/Migrations/20171004111248_CreateArticles.php(38): Migrations\Table->create()
#6 /home/ubuntu/workspace/blog/vendor/robmorgan/phinx/src/Phinx/Migration/Manager/Environment.php(122): CreateArticles->change()
#7 /home/ubuntu/workspace/blog/vendor/robmorgan/phinx/src/Phinx/Migration/Manager.php(366): Phinx\Migration\Manager\Environment->executeMigration(Object(CreateArticles), 'up')
#8 /home/ubuntu/workspace/blog/vendor/robmorgan/phinx/src/Phinx/Migration/Manager.php(342): Phinx\Migration\Manager->executeMigration('default', Object(CreateArticles), 'up')
#9 /home/ubuntu/workspace/blog/vendor/robmorgan/phinx/src/Phinx/Console/Command/Migrate.php(113): Phinx\Migration\Manager->migrate('default', NULL)
#10 /home/ubuntu/workspace/blog/vendor/cakephp/migrations/src/Command/CommandTrait.php(35): Phinx\Console\Command\Migrate->execute(Object(Symfony\Component\Console\Input\ArgvInput), Object(Symfony\Component\Console\Output\ConsoleOutput))
#11 /home/ubuntu/workspace/blog/vendor/cakephp/migrations/src/Command/Migrate.php(65): Migrations\Command\Migrate->parentExecute(Object(Symfony\Component\Console\Input\ArgvInput), Object(Symfony\Component\Console\Output\ConsoleOutput))
#12 /home/ubuntu/workspace/blog/vendor/symfony/console/Command/Command.php(264): Migrations\Command\Migrate->execute(Object(Symfony\Component\Console\Input\ArgvInput), Object(Symfony\Component\Console\Output\ConsoleOutput))
#13 /home/ubuntu/workspace/blog/vendor/symfony/console/Application.php(888): Symfony\Component\Console\Command\Command->run(Object(Symfony\Component\Console\Input\ArgvInput), Object(Symfony\Component\Console\Output\ConsoleOutput))
#14 /home/ubuntu/workspace/blog/vendor/symfony/console/Application.php(224): Symfony\Component\Console\Application->doRunCommand(Object(Migrations\Command\Migrate), Object(Symfony\Component\Console\Input\ArgvInput), Object(Symfony\Component\Console\Output\ConsoleOutput))
#15 /home/ubuntu/workspace/blog/vendor/symfony/console/Application.php(125): Symfony\Component\Console\Application->doRun(Object(Symfony\Component\Console\Input\ArgvInput), Object(Symfony\Component\Console\Output\ConsoleOutput))
#16 /home/ubuntu/workspace/blog/vendor/cakephp/migrations/src/Shell/MigrationsShell.php(101): Symfony\Component\Console\Application->run(Object(Symfony\Component\Console\Input\ArgvInput), Object(Symfony\Component\Console\Output\ConsoleOutput))
#17 [internal function]: Migrations\Shell\MigrationsShell->main('migrations', 'migrate')
#18 /home/ubuntu/workspace/blog/vendor/cakephp/cakephp/src/Console/Shell.php(472): call_user_func_array(Array, Array)
#19 /home/ubuntu/workspace/blog/vendor/cakephp/migrations/src/Shell/MigrationsShell.php(156): Cake\Console\Shell->runCommand(Array, true, Array)
#20 /home/ubuntu/workspace/blog/vendor/cakephp/cakephp/src/Console/ShellDispatcher.php(227): Migrations\Shell\MigrationsShell->runCommand(Array, true, Array)
#21 /home/ubuntu/workspace/blog/vendor/cakephp/cakephp/src/Console/ShellDispatcher.php(182): Cake\Console\ShellDispatcher->_dispatch(Array)
#22 /home/ubuntu/workspace/blog/vendor/cakephp/cakephp/src/Console/ShellDispatcher.php(128): Cake\Console\ShellDispatcher->dispatch(Array)
#23 /home/ubuntu/workspace/blog/bin/cake.php(34): Cake\Console\ShellDispatcher::run(Array)
#24 {main}


