2017-10-04 10:48:00 Error: [Cake\Datasource\Exception\InvalidPrimaryKeyException] Record not found in table "articles" with primary key [NULL]
Request URL: /articles/edit
Stack Trace:
#0 /home/ubuntu/workspace/blog/src/Controller/ArticlesController.php(76): Cake\ORM\Table->get(NULL, Array)
#1 [internal function]: App\Controller\ArticlesController->edit()
#2 /home/ubuntu/workspace/blog/vendor/cakephp/cakephp/src/Controller/Controller.php(435): call_user_func_array(Array, Array)
#3 /home/ubuntu/workspace/blog/vendor/cakephp/cakephp/src/Http/ActionDispatcher.php(121): Cake\Controller\Controller->invokeAction()
#4 /home/ubuntu/workspace/blog/vendor/cakephp/cakephp/src/Http/ActionDispatcher.php(95): Cake\Http\ActionDispatcher->_invoke(Object(App\Controller\ArticlesController))
#5 /home/ubuntu/workspace/blog/vendor/cakephp/cakephp/src/Http/BaseApplication.php(83): Cake\Http\ActionDispatcher->dispatch(Object(Cake\Network\Request), Object(Cake\Network\Response))
#6 /home/ubuntu/workspace/blog/vendor/cakephp/cakephp/src/Http/Runner.php(65): Cake\Http\BaseApplication->__invoke(Object(Zend\Diactoros\ServerRequest), Object(Zend\Diactoros\Response), Object(Cake\Http\Runner))
#7 /home/ubuntu/workspace/blog/vendor/cakephp/cakephp/src/Routing/Middleware/RoutingMiddleware.php(62): Cake\Http\Runner->__invoke(Object(Zend\Diactoros\ServerRequest), Object(Zend\Diactoros\Response))
#8 /home/ubuntu/workspace/blog/vendor/cakephp/cakephp/src/Http/Runner.php(65): Cake\Routing\Middleware\RoutingMiddleware->__invoke(Object(Zend\Diactoros\ServerRequest), Object(Zend\Diactoros\Response), Object(Cake\Http\Runner))
#9 /home/ubuntu/workspace/blog/vendor/cakephp/cakephp/src/Routing/Middleware/AssetMiddleware.php(88): Cake\Http\Runner->__invoke(Object(Zend\Diactoros\ServerRequest), Object(Zend\Diactoros\Response))
#10 /home/ubuntu/workspace/blog/vendor/cakephp/cakephp/src/Http/Runner.php(65): Cake\Routing\Middleware\AssetMiddleware->__invoke(Object(Zend\Diactoros\ServerRequest), Object(Zend\Diactoros\Response), Object(Cake\Http\Runner))
#11 /home/ubuntu/workspace/blog/vendor/cakephp/cakephp/src/Error/Middleware/ErrorHandlerMiddleware.php(81): Cake\Http\Runner->__invoke(Object(Zend\Diactoros\ServerRequest), Object(Zend\Diactoros\Response))
#12 /home/ubuntu/workspace/blog/vendor/cakephp/cakephp/src/Http/Runner.php(65): Cake\Error\Middleware\ErrorHandlerMiddleware->__invoke(Object(Zend\Diactoros\ServerRequest), Object(Zend\Diactoros\Response), Object(Cake\Http\Runner))
#13 /home/ubuntu/workspace/blog/vendor/cakephp/cakephp/src/Http/Runner.php(51): Cake\Http\Runner->__invoke(Object(Zend\Diactoros\ServerRequest), Object(Zend\Diactoros\Response))
#14 /home/ubuntu/workspace/blog/vendor/cakephp/cakephp/src/Http/Server.php(90): Cake\Http\Runner->run(Object(Cake\Http\MiddlewareQueue), Object(Zend\Diactoros\ServerRequest), Object(Zend\Diactoros\Response))
#15 /home/ubuntu/workspace/blog/webroot/index.php(37): Cake\Http\Server->run()
#16 {main}


2017-10-04 10:48:12 Error: [Cake\Datasource\Exception\InvalidPrimaryKeyException] Record not found in table "articles" with primary key [NULL]
Request URL: /articles/edit
Stack Trace:
#0 /home/ubuntu/workspace/blog/src/Controller/ArticlesController.php(76): Cake\ORM\Table->get(NULL, Array)
#1 [internal function]: App\Controller\ArticlesController->edit()
#2 /home/ubuntu/workspace/blog/vendor/cakephp/cakephp/src/Controller/Controller.php(435): call_user_func_array(Array, Array)
#3 /home/ubuntu/workspace/blog/vendor/cakephp/cakephp/src/Http/ActionDispatcher.php(121): Cake\Controller\Controller->invokeAction()
#4 /home/ubuntu/workspace/blog/vendor/cakephp/cakephp/src/Http/ActionDispatcher.php(95): Cake\Http\ActionDispatcher->_invoke(Object(App\Controller\ArticlesController))
#5 /home/ubuntu/workspace/blog/vendor/cakephp/cakephp/src/Http/BaseApplication.php(83): Cake\Http\ActionDispatcher->dispatch(Object(Cake\Network\Request), Object(Cake\Network\Response))
#6 /home/ubuntu/workspace/blog/vendor/cakephp/cakephp/src/Http/Runner.php(65): Cake\Http\BaseApplication->__invoke(Object(Zend\Diactoros\ServerRequest), Object(Zend\Diactoros\Response), Object(Cake\Http\Runner))
#7 /home/ubuntu/workspace/blog/vendor/cakephp/cakephp/src/Routing/Middleware/RoutingMiddleware.php(62): Cake\Http\Runner->__invoke(Object(Zend\Diactoros\ServerRequest), Object(Zend\Diactoros\Response))
#8 /home/ubuntu/workspace/blog/vendor/cakephp/cakephp/src/Http/Runner.php(65): Cake\Routing\Middleware\RoutingMiddleware->__invoke(Object(Zend\Diactoros\ServerRequest), Object(Zend\Diactoros\Response), Object(Cake\Http\Runner))
#9 /home/ubuntu/workspace/blog/vendor/cakephp/cakephp/src/Routing/Middleware/AssetMiddleware.php(88): Cake\Http\Runner->__invoke(Object(Zend\Diactoros\ServerRequest), Object(Zend\Diactoros\Response))
#10 /home/ubuntu/workspace/blog/vendor/cakephp/cakephp/src/Http/Runner.php(65): Cake\Routing\Middleware\AssetMiddleware->__invoke(Object(Zend\Diactoros\ServerRequest), Object(Zend\Diactoros\Response), Object(Cake\Http\Runner))
#11 /home/ubuntu/workspace/blog/vendor/cakephp/cakephp/src/Error/Middleware/ErrorHandlerMiddleware.php(81): Cake\Http\Runner->__invoke(Object(Zend\Diactoros\ServerRequest), Object(Zend\Diactoros\Response))
#12 /home/ubuntu/workspace/blog/vendor/cakephp/cakephp/src/Http/Runner.php(65): Cake\Error\Middleware\ErrorHandlerMiddleware->__invoke(Object(Zend\Diactoros\ServerRequest), Object(Zend\Diactoros\Response), Object(Cake\Http\Runner))
#13 /home/ubuntu/workspace/blog/vendor/cakephp/cakephp/src/Http/Runner.php(51): Cake\Http\Runner->__invoke(Object(Zend\Diactoros\ServerRequest), Object(Zend\Diactoros\Response))
#14 /home/ubuntu/workspace/blog/vendor/cakephp/cakephp/src/Http/Server.php(90): Cake\Http\Runner->run(Object(Cake\Http\MiddlewareQueue), Object(Zend\Diactoros\ServerRequest), Object(Zend\Diactoros\Response))
#15 /home/ubuntu/workspace/blog/webroot/index.php(37): Cake\Http\Server->run()
#16 {main}


2017-10-04 10:50:28 Error: [Cake\Network\Exception\MethodNotAllowedException] Method Not Allowed
Request URL: /articles/delete/1
Stack Trace:
#0 /home/ubuntu/workspace/blog/src/Controller/ArticlesController.php(99): Cake\Network\Request->allowMethod(Array)
#1 [internal function]: App\Controller\ArticlesController->delete('1')
#2 /home/ubuntu/workspace/blog/vendor/cakephp/cakephp/src/Controller/Controller.php(435): call_user_func_array(Array, Array)
#3 /home/ubuntu/workspace/blog/vendor/cakephp/cakephp/src/Http/ActionDispatcher.php(121): Cake\Controller\Controller->invokeAction()
#4 /home/ubuntu/workspace/blog/vendor/cakephp/cakephp/src/Http/ActionDispatcher.php(95): Cake\Http\ActionDispatcher->_invoke(Object(App\Controller\ArticlesController))
#5 /home/ubuntu/workspace/blog/vendor/cakephp/cakephp/src/Http/BaseApplication.php(83): Cake\Http\ActionDispatcher->dispatch(Object(Cake\Network\Request), Object(Cake\Network\Response))
#6 /home/ubuntu/workspace/blog/vendor/cakephp/cakephp/src/Http/Runner.php(65): Cake\Http\BaseApplication->__invoke(Object(Zend\Diactoros\ServerRequest), Object(Zend\Diactoros\Response), Object(Cake\Http\Runner))
#7 /home/ubuntu/workspace/blog/vendor/cakephp/cakephp/src/Routing/Middleware/RoutingMiddleware.php(62): Cake\Http\Runner->__invoke(Object(Zend\Diactoros\ServerRequest), Object(Zend\Diactoros\Response))
#8 /home/ubuntu/workspace/blog/vendor/cakephp/cakephp/src/Http/Runner.php(65): Cake\Routing\Middleware\RoutingMiddleware->__invoke(Object(Zend\Diactoros\ServerRequest), Object(Zend\Diactoros\Response), Object(Cake\Http\Runner))
#9 /home/ubuntu/workspace/blog/vendor/cakephp/cakephp/src/Routing/Middleware/AssetMiddleware.php(88): Cake\Http\Runner->__invoke(Object(Zend\Diactoros\ServerRequest), Object(Zend\Diactoros\Response))
#10 /home/ubuntu/workspace/blog/vendor/cakephp/cakephp/src/Http/Runner.php(65): Cake\Routing\Middleware\AssetMiddleware->__invoke(Object(Zend\Diactoros\ServerRequest), Object(Zend\Diactoros\Response), Object(Cake\Http\Runner))
#11 /home/ubuntu/workspace/blog/vendor/cakephp/cakephp/src/Error/Middleware/ErrorHandlerMiddleware.php(81): Cake\Http\Runner->__invoke(Object(Zend\Diactoros\ServerRequest), Object(Zend\Diactoros\Response))
#12 /home/ubuntu/workspace/blog/vendor/cakephp/cakephp/src/Http/Runner.php(65): Cake\Error\Middleware\ErrorHandlerMiddleware->__invoke(Object(Zend\Diactoros\ServerRequest), Object(Zend\Diactoros\Response), Object(Cake\Http\Runner))
#13 /home/ubuntu/workspace/blog/vendor/cakephp/cakephp/src/Http/Runner.php(51): Cake\Http\Runner->__invoke(Object(Zend\Diactoros\ServerRequest), Object(Zend\Diactoros\Response))
#14 /home/ubuntu/workspace/blog/vendor/cakephp/cakephp/src/Http/Server.php(90): Cake\Http\Runner->run(Object(Cake\Http\MiddlewareQueue), Object(Zend\Diactoros\ServerRequest), Object(Zend\Diactoros\Response))
#15 /home/ubuntu/workspace/blog/webroot/index.php(37): Cake\Http\Server->run()
#16 {main}


2017-10-04 10:50:32 Error: [Cake\Network\Exception\MethodNotAllowedException] Method Not Allowed
Request URL: /articles/delete/
Stack Trace:
#0 /home/ubuntu/workspace/blog/src/Controller/ArticlesController.php(99): Cake\Network\Request->allowMethod(Array)
#1 [internal function]: App\Controller\ArticlesController->delete()
#2 /home/ubuntu/workspace/blog/vendor/cakephp/cakephp/src/Controller/Controller.php(435): call_user_func_array(Array, Array)
#3 /home/ubuntu/workspace/blog/vendor/cakephp/cakephp/src/Http/ActionDispatcher.php(121): Cake\Controller\Controller->invokeAction()
#4 /home/ubuntu/workspace/blog/vendor/cakephp/cakephp/src/Http/ActionDispatcher.php(95): Cake\Http\ActionDispatcher->_invoke(Object(App\Controller\ArticlesController))
#5 /home/ubuntu/workspace/blog/vendor/cakephp/cakephp/src/Http/BaseApplication.php(83): Cake\Http\ActionDispatcher->dispatch(Object(Cake\Network\Request), Object(Cake\Network\Response))
#6 /home/ubuntu/workspace/blog/vendor/cakephp/cakephp/src/Http/Runner.php(65): Cake\Http\BaseApplication->__invoke(Object(Zend\Diactoros\ServerRequest), Object(Zend\Diactoros\Response), Object(Cake\Http\Runner))
#7 /home/ubuntu/workspace/blog/vendor/cakephp/cakephp/src/Routing/Middleware/RoutingMiddleware.php(62): Cake\Http\Runner->__invoke(Object(Zend\Diactoros\ServerRequest), Object(Zend\Diactoros\Response))
#8 /home/ubuntu/workspace/blog/vendor/cakephp/cakephp/src/Http/Runner.php(65): Cake\Routing\Middleware\RoutingMiddleware->__invoke(Object(Zend\Diactoros\ServerRequest), Object(Zend\Diactoros\Response), Object(Cake\Http\Runner))
#9 /home/ubuntu/workspace/blog/vendor/cakephp/cakephp/src/Routing/Middleware/AssetMiddleware.php(88): Cake\Http\Runner->__invoke(Object(Zend\Diactoros\ServerRequest), Object(Zend\Diactoros\Response))
#10 /home/ubuntu/workspace/blog/vendor/cakephp/cakephp/src/Http/Runner.php(65): Cake\Routing\Middleware\AssetMiddleware->__invoke(Object(Zend\Diactoros\ServerRequest), Object(Zend\Diactoros\Response), Object(Cake\Http\Runner))
#11 /home/ubuntu/workspace/blog/vendor/cakephp/cakephp/src/Error/Middleware/ErrorHandlerMiddleware.php(81): Cake\Http\Runner->__invoke(Object(Zend\Diactoros\ServerRequest), Object(Zend\Diactoros\Response))
#12 /home/ubuntu/workspace/blog/vendor/cakephp/cakephp/src/Http/Runner.php(65): Cake\Error\Middleware\ErrorHandlerMiddleware->__invoke(Object(Zend\Diactoros\ServerRequest), Object(Zend\Diactoros\Response), Object(Cake\Http\Runner))
#13 /home/ubuntu/workspace/blog/vendor/cakephp/cakephp/src/Http/Runner.php(51): Cake\Http\Runner->__invoke(Object(Zend\Diactoros\ServerRequest), Object(Zend\Diactoros\Response))
#14 /home/ubuntu/workspace/blog/vendor/cakephp/cakephp/src/Http/Server.php(90): Cake\Http\Runner->run(Object(Cake\Http\MiddlewareQueue), Object(Zend\Diactoros\ServerRequest), Object(Zend\Diactoros\Response))
#15 /home/ubuntu/workspace/blog/webroot/index.php(37): Cake\Http\Server->run()
#16 {main}


2017-10-04 10:50:37 Error: [Cake\Network\Exception\MethodNotAllowedException] Method Not Allowed
Request URL: /articles/delete
Stack Trace:
#0 /home/ubuntu/workspace/blog/src/Controller/ArticlesController.php(99): Cake\Network\Request->allowMethod(Array)
#1 [internal function]: App\Controller\ArticlesController->delete()
#2 /home/ubuntu/workspace/blog/vendor/cakephp/cakephp/src/Controller/Controller.php(435): call_user_func_array(Array, Array)
#3 /home/ubuntu/workspace/blog/vendor/cakephp/cakephp/src/Http/ActionDispatcher.php(121): Cake\Controller\Controller->invokeAction()
#4 /home/ubuntu/workspace/blog/vendor/cakephp/cakephp/src/Http/ActionDispatcher.php(95): Cake\Http\ActionDispatcher->_invoke(Object(App\Controller\ArticlesController))
#5 /home/ubuntu/workspace/blog/vendor/cakephp/cakephp/src/Http/BaseApplication.php(83): Cake\Http\ActionDispatcher->dispatch(Object(Cake\Network\Request), Object(Cake\Network\Response))
#6 /home/ubuntu/workspace/blog/vendor/cakephp/cakephp/src/Http/Runner.php(65): Cake\Http\BaseApplication->__invoke(Object(Zend\Diactoros\ServerRequest), Object(Zend\Diactoros\Response), Object(Cake\Http\Runner))
#7 /home/ubuntu/workspace/blog/vendor/cakephp/cakephp/src/Routing/Middleware/RoutingMiddleware.php(62): Cake\Http\Runner->__invoke(Object(Zend\Diactoros\ServerRequest), Object(Zend\Diactoros\Response))
#8 /home/ubuntu/workspace/blog/vendor/cakephp/cakephp/src/Http/Runner.php(65): Cake\Routing\Middleware\RoutingMiddleware->__invoke(Object(Zend\Diactoros\ServerRequest), Object(Zend\Diactoros\Response), Object(Cake\Http\Runner))
#9 /home/ubuntu/workspace/blog/vendor/cakephp/cakephp/src/Routing/Middleware/AssetMiddleware.php(88): Cake\Http\Runner->__invoke(Object(Zend\Diactoros\ServerRequest), Object(Zend\Diactoros\Response))
#10 /home/ubuntu/workspace/blog/vendor/cakephp/cakephp/src/Http/Runner.php(65): Cake\Routing\Middleware\AssetMiddleware->__invoke(Object(Zend\Diactoros\ServerRequest), Object(Zend\Diactoros\Response), Object(Cake\Http\Runner))
#11 /home/ubuntu/workspace/blog/vendor/cakephp/cakephp/src/Error/Middleware/ErrorHandlerMiddleware.php(81): Cake\Http\Runner->__invoke(Object(Zend\Diactoros\ServerRequest), Object(Zend\Diactoros\Response))
#12 /home/ubuntu/workspace/blog/vendor/cakephp/cakephp/src/Http/Runner.php(65): Cake\Error\Middleware\ErrorHandlerMiddleware->__invoke(Object(Zend\Diactoros\ServerRequest), Object(Zend\Diactoros\Response), Object(Cake\Http\Runner))
#13 /home/ubuntu/workspace/blog/vendor/cakephp/cakephp/src/Http/Runner.php(51): Cake\Http\Runner->__invoke(Object(Zend\Diactoros\ServerRequest), Object(Zend\Diactoros\Response))
#14 /home/ubuntu/workspace/blog/vendor/cakephp/cakephp/src/Http/Server.php(90): Cake\Http\Runner->run(Object(Cake\Http\MiddlewareQueue), Object(Zend\Diactoros\ServerRequest), Object(Zend\Diactoros\Response))
#15 /home/ubuntu/workspace/blog/webroot/index.php(37): Cake\Http\Server->run()
#16 {main}


2017-10-04 11:21:46 Error: [Cake\Datasource\Exception\RecordNotFoundException] Record not found in table "articles"
Request URL: /articles/view/1
Referer URL: http://blog-kanemitsuyuki.c9users.io/blog/articles/
Stack Trace:
#0 /home/ubuntu/workspace/blog/vendor/cakephp/cakephp/src/ORM/Table.php(1224): Cake\ORM\Query->firstOrFail()
#1 /home/ubuntu/workspace/blog/src/Controller/ArticlesController.php(41): Cake\ORM\Table->get('1', Array)
#2 [internal function]: App\Controller\ArticlesController->view('1')
#3 /home/ubuntu/workspace/blog/vendor/cakephp/cakephp/src/Controller/Controller.php(435): call_user_func_array(Array, Array)
#4 /home/ubuntu/workspace/blog/vendor/cakephp/cakephp/src/Http/ActionDispatcher.php(121): Cake\Controller\Controller->invokeAction()
#5 /home/ubuntu/workspace/blog/vendor/cakephp/cakephp/src/Http/ActionDispatcher.php(95): Cake\Http\ActionDispatcher->_invoke(Object(App\Controller\ArticlesController))
#6 /home/ubuntu/workspace/blog/vendor/cakephp/cakephp/src/Http/BaseApplication.php(83): Cake\Http\ActionDispatcher->dispatch(Object(Cake\Network\Request), Object(Cake\Network\Response))
#7 /home/ubuntu/workspace/blog/vendor/cakephp/cakephp/src/Http/Runner.php(65): Cake\Http\BaseApplication->__invoke(Object(Zend\Diactoros\ServerRequest), Object(Zend\Diactoros\Response), Object(Cake\Http\Runner))
#8 /home/ubuntu/workspace/blog/vendor/cakephp/cakephp/src/Routing/Middleware/RoutingMiddleware.php(62): Cake\Http\Runner->__invoke(Object(Zend\Diactoros\ServerRequest), Object(Zend\Diactoros\Response))
#9 /home/ubuntu/workspace/blog/vendor/cakephp/cakephp/src/Http/Runner.php(65): Cake\Routing\Middleware\RoutingMiddleware->__invoke(Object(Zend\Diactoros\ServerRequest), Object(Zend\Diactoros\Response), Object(Cake\Http\Runner))
#10 /home/ubuntu/workspace/blog/vendor/cakephp/cakephp/src/Routing/Middleware/AssetMiddleware.php(88): Cake\Http\Runner->__invoke(Object(Zend\Diactoros\ServerRequest), Object(Zend\Diactoros\Response))
#11 /home/ubuntu/workspace/blog/vendor/cakephp/cakephp/src/Http/Runner.php(65): Cake\Routing\Middleware\AssetMiddleware->__invoke(Object(Zend\Diactoros\ServerRequest), Object(Zend\Diactoros\Response), Object(Cake\Http\Runner))
#12 /home/ubuntu/workspace/blog/vendor/cakephp/cakephp/src/Error/Middleware/ErrorHandlerMiddleware.php(81): Cake\Http\Runner->__invoke(Object(Zend\Diactoros\ServerRequest), Object(Zend\Diactoros\Response))
#13 /home/ubuntu/workspace/blog/vendor/cakephp/cakephp/src/Http/Runner.php(65): Cake\Error\Middleware\ErrorHandlerMiddleware->__invoke(Object(Zend\Diactoros\ServerRequest), Object(Zend\Diactoros\Response), Object(Cake\Http\Runner))
#14 /home/ubuntu/workspace/blog/vendor/cakephp/cakephp/src/Http/Runner.php(51): Cake\Http\Runner->__invoke(Object(Zend\Diactoros\ServerRequest), Object(Zend\Diactoros\Response))
#15 /home/ubuntu/workspace/blog/vendor/cakephp/cakephp/src/Http/Server.php(90): Cake\Http\Runner->run(Object(Cake\Http\MiddlewareQueue), Object(Zend\Diactoros\ServerRequest), Object(Zend\Diactoros\Response))
#16 /home/ubuntu/workspace/blog/webroot/index.php(37): Cake\Http\Server->run()
#17 {main}


